\BOOKMARK [0][-]{chapter.1}{\376\377\000I\000n\000t\000r\000o\000d\000u\000c\000c\000i\000\363\000n}{}% 1
\BOOKMARK [1][-]{section.1.1}{\376\377\000P\000r\000o\000b\000l\000e\000m\000a\000\040\000y\000\040\000p\000r\000o\000p\000\363\000s\000i\000t\000o}{chapter.1}% 2
\BOOKMARK [1][-]{section.1.2}{\376\377\000O\000b\000j\000e\000t\000i\000v\000o\000s\000\040\000g\000e\000n\000e\000r\000a\000l\000e\000s\000\040\000y\000\040\000a\000l\000c\000a\000n\000c\000e}{chapter.1}% 3
\BOOKMARK [1][-]{section.1.3}{\376\377\000E\000s\000t\000r\000u\000c\000t\000u\000r\000a\000\040\000d\000e\000l\000\040\000d\000o\000c\000u\000m\000e\000n\000t\000o}{chapter.1}% 4
\BOOKMARK [0][-]{chapter.2}{\376\377\000E\000s\000t\000a\000d\000o\000\040\000d\000e\000l\000\040\000a\000r\000t\000e\000\040\000y\000\040\000c\000o\000n\000t\000e\000x\000t\000o\000\040\000r\000e\000g\000i\000o\000n\000a\000l}{}% 5
\BOOKMARK [1][-]{section.2.1}{\376\377\000N\000o\000r\000m\000a\000t\000i\000v\000a\000\040\000y\000\040\000p\000l\000a\000n\000e\000s\000\040\000n\000a\000c\000i\000o\000n\000a\000l\000e\000s}{chapter.2}% 6
\BOOKMARK [1][-]{section.2.2}{\376\377\000S\000i\000t\000u\000a\000c\000i\000\363\000n\000\040\000e\000n\000\040\000L\000i\000m\000a\000\040\000y\000\040\000C\000a\000l\000l\000a\000o}{chapter.2}% 7
\BOOKMARK [1][-]{section.2.3}{\376\377\000R\000e\000f\000e\000r\000e\000n\000t\000e\000s\000\040\000t\000e\000c\000n\000o\000l\000\363\000g\000i\000c\000o\000s}{chapter.2}% 8
\BOOKMARK [0][-]{chapter.3}{\376\377\000M\000a\000t\000e\000r\000i\000a\000l\000e\000s\000\040\000y\000\040\000m\000\351\000t\000o\000d\000o\000s}{}% 9
\BOOKMARK [1][-]{section.3.1}{\376\377\000R\000e\000c\000u\000r\000s\000o\000s\000\040\000d\000e\000\040\000s\000o\000f\000t\000w\000a\000r\000e}{chapter.3}% 10
\BOOKMARK [1][-]{section.3.2}{\376\377\000A\000r\000q\000u\000i\000t\000e\000c\000t\000u\000r\000a\000\040\000m\000o\000d\000u\000l\000a\000r}{chapter.3}% 11
\BOOKMARK [1][-]{section.3.3}{\376\377\000M\000o\000d\000e\000l\000o\000\040\000d\000e\000\040\000d\000a\000t\000o\000s\000\040\000y\000\040\000p\000e\000r\000s\000i\000s\000t\000e\000n\000c\000i\000a}{chapter.3}% 12
\BOOKMARK [1][-]{section.3.4}{\376\377\000E\000x\000p\000e\000r\000i\000e\000n\000c\000i\000a\000\040\000d\000e\000\040\000u\000s\000u\000a\000r\000i\000o\000\040\000y\000\040\000n\000a\000v\000e\000g\000a\000c\000i\000\363\000n}{chapter.3}% 13
\BOOKMARK [1][-]{section.3.5}{\376\377\000M\000\363\000d\000u\000l\000o\000\040\000d\000e\000\040\000a\000d\000o\000p\000c\000i\000\363\000n}{chapter.3}% 14
\BOOKMARK [1][-]{section.3.6}{\376\377\000M\000\363\000d\000u\000l\000o\000\040\000d\000e\000\040\000m\000a\000s\000c\000o\000t\000a\000s\000\040\000p\000e\000r\000d\000i\000d\000a\000s\000\040\000o\000\040\000e\000n\000c\000o\000n\000t\000r\000a\000d\000a\000s}{chapter.3}% 15
\BOOKMARK [1][-]{section.3.7}{\376\377\000M\000\363\000d\000u\000l\000o\000\040\000d\000e\000\040\000l\000i\000s\000t\000a\000s\000\040\000n\000e\000g\000r\000a\000s}{chapter.3}% 16
\BOOKMARK [1][-]{section.3.8}{\376\377\000M\000\363\000d\000u\000l\000o\000\040\000d\000e\000\040\000r\000a\000n\000k\000i\000n\000g\000\040\000d\000e\000\040\000v\000e\000t\000e\000r\000i\000n\000a\000r\000i\000a\000s}{chapter.3}% 17
\BOOKMARK [1][-]{section.3.9}{\376\377\000S\000e\000g\000u\000r\000i\000d\000a\000d\000,\000\040\000i\000n\000t\000e\000g\000r\000i\000d\000a\000d\000\040\000y\000\040\000c\000a\000l\000i\000d\000a\000d}{chapter.3}% 18
\BOOKMARK [1][-]{section.3.10}{\376\377\000P\000l\000a\000n\000\040\000d\000e\000\040\000e\000v\000o\000l\000u\000c\000i\000\363\000n\000\040\000y\000\040\000p\000r\000u\000e\000b\000a\000s}{chapter.3}% 19
\BOOKMARK [0][-]{chapter.4}{\376\377\000R\000e\000s\000u\000l\000t\000a\000d\000o\000s}{}% 20
\BOOKMARK [1][-]{section.4.1}{\376\377\000P\000r\000o\000t\000o\000t\000i\000p\000o\000\040\000o\000r\000i\000g\000i\000n\000a\000l}{chapter.4}% 21
\BOOKMARK [1][-]{section.4.2}{\376\377\000S\000c\000r\000i\000p\000t\000\040\000a\000l\000t\000e\000r\000n\000a\000t\000i\000v\000o\000\040\000c\000o\000n\000\040\000S\000Q\000L\000i\000t\000e}{chapter.4}% 22
\BOOKMARK [1][-]{section.4.3}{\376\377\000H\000a\000l\000l\000a\000z\000g\000o\000s\000\040\000y\000\040\000v\000a\000l\000i\000d\000a\000c\000i\000\363\000n}{chapter.4}% 23
\BOOKMARK [0][-]{chapter.5}{\376\377\000C\000o\000n\000c\000l\000u\000s\000i\000o\000n\000e\000s\000\040\000y\000\040\000t\000r\000a\000b\000a\000j\000o\000s\000\040\000f\000u\000t\000u\000r\000o\000s}{}% 24
\BOOKMARK [0][-]{chapter.5}{\376\377\000B\000i\000b\000l\000i\000o\000g\000r\000a\000f\000\355\000a\000\040\000y\000\040\000r\000e\000f\000e\000r\000e\000n\000c\000i\000a\000s}{}% 25
\BOOKMARK [0][-]{appendix.Alph1}{\376\377\000E\000j\000e\000m\000p\000l\000o\000s\000\040\000e\000n\000\040\000L\000a\000T\000e\000X}{}% 26
\BOOKMARK [1][-]{section.Alph1.1}{\376\377\000R\000e\000f\000e\000r\000e\000n\000c\000i\000a\000s\000,\000\040\000c\000i\000t\000a\000s\000\040\000y\000\040\000b\000i\000b\000l\000i\000o\000g\000r\000a\000f\000\355\000a}{appendix.Alph1}% 27
\BOOKMARK [2][-]{subsection.Alph1.1.1}{\376\377\000R\000e\000f\000e\000r\000e\000n\000c\000i\000a\000s}{section.Alph1.1}% 28
\BOOKMARK [2][-]{subsection.Alph1.1.2}{\376\377\000B\000i\000b\000l\000i\000o\000g\000r\000a\000f\000\355\000a}{section.Alph1.1}% 29
\BOOKMARK [1][-]{section.Alph1.2}{\376\377\000F\000i\000g\000u\000r\000a\000s}{appendix.Alph1}% 30
\BOOKMARK [1][-]{section.Alph1.3}{\376\377\000T\000a\000b\000l\000a\000s}{appendix.Alph1}% 31
\BOOKMARK [1][-]{section.Alph1.4}{\376\377\000C\000\363\000d\000i\000g\000o}{appendix.Alph1}% 32
\BOOKMARK [1][-]{section.Alph1.5}{\376\377\000L\000i\000s\000t\000a\000s}{appendix.Alph1}% 33
\BOOKMARK [1][-]{section.Alph1.6}{\376\377\000E\000c\000u\000a\000c\000i\000o\000n\000e\000s}{appendix.Alph1}% 34
